mode: set
github.com/root5427/wallet/pkg/wallet/service.go:22.78,23.37 1 1
github.com/root5427/wallet/pkg/wallet/service.go:28.2,36.21 4 1
github.com/root5427/wallet/pkg/wallet/service.go:23.37,24.29 1 0
github.com/root5427/wallet/pkg/wallet/service.go:24.29,26.4 1 0
github.com/root5427/wallet/pkg/wallet/service.go:39.70,40.17 1 1
github.com/root5427/wallet/pkg/wallet/service.go:44.2,45.33 2 1
github.com/root5427/wallet/pkg/wallet/service.go:51.2,51.20 1 1
github.com/root5427/wallet/pkg/wallet/service.go:55.2,56.12 2 1
github.com/root5427/wallet/pkg/wallet/service.go:40.17,42.3 1 0
github.com/root5427/wallet/pkg/wallet/service.go:45.33,46.26 1 1
github.com/root5427/wallet/pkg/wallet/service.go:46.26,48.9 2 1
github.com/root5427/wallet/pkg/wallet/service.go:51.20,53.3 1 0
github.com/root5427/wallet/pkg/wallet/service.go:59.116,60.16 1 1
github.com/root5427/wallet/pkg/wallet/service.go:64.2,65.33 2 1
github.com/root5427/wallet/pkg/wallet/service.go:72.2,72.20 1 1
github.com/root5427/wallet/pkg/wallet/service.go:76.2,76.30 1 1
github.com/root5427/wallet/pkg/wallet/service.go:80.2,90.21 5 1
github.com/root5427/wallet/pkg/wallet/service.go:60.16,62.3 1 0
github.com/root5427/wallet/pkg/wallet/service.go:65.33,66.26 1 1
github.com/root5427/wallet/pkg/wallet/service.go:66.26,68.9 2 1
github.com/root5427/wallet/pkg/wallet/service.go:72.20,74.3 1 0
github.com/root5427/wallet/pkg/wallet/service.go:76.30,78.3 1 0
github.com/root5427/wallet/pkg/wallet/service.go:93.76,95.33 2 1
github.com/root5427/wallet/pkg/wallet/service.go:100.2,100.20 1 1
github.com/root5427/wallet/pkg/wallet/service.go:103.2,103.21 1 1
github.com/root5427/wallet/pkg/wallet/service.go:95.33,96.26 1 1
github.com/root5427/wallet/pkg/wallet/service.go:96.26,98.4 1 1
github.com/root5427/wallet/pkg/wallet/service.go:100.20,102.3 1 1
github.com/root5427/wallet/pkg/wallet/service.go:106.77,108.34 2 1
github.com/root5427/wallet/pkg/wallet/service.go:113.2,113.20 1 1
github.com/root5427/wallet/pkg/wallet/service.go:116.2,116.21 1 1
github.com/root5427/wallet/pkg/wallet/service.go:108.34,109.27 1 1
github.com/root5427/wallet/pkg/wallet/service.go:109.27,111.4 1 1
github.com/root5427/wallet/pkg/wallet/service.go:113.20,115.3 1 1
github.com/root5427/wallet/pkg/wallet/service.go:119.50,121.16 2 1
github.com/root5427/wallet/pkg/wallet/service.go:124.2,126.16 3 1
github.com/root5427/wallet/pkg/wallet/service.go:129.2,130.12 2 1
github.com/root5427/wallet/pkg/wallet/service.go:121.16,123.3 1 1
github.com/root5427/wallet/pkg/wallet/service.go:126.16,128.3 1 0
